[0.049s] DEBUG:colcon:Command line arguments: ['/usr/bin/colcon', 'build']
[0.049s] DEBUG:colcon:Parsed command line arguments: Namespace(log_base=None, log_level=None, verb_name='build', build_base='build', install_base='install', merge_install=False, symlink_install=False, test_result_base=None, continue_on_error=False, executor='parallel', parallel_workers=32, event_handlers=None, ignore_user_meta=False, metas=['./colcon.meta'], base_paths=['.'], packages_ignore=None, packages_ignore_regex=None, paths=None, packages_up_to=None, packages_up_to_regex=None, packages_above=None, packages_above_and_dependencies=None, packages_above_depth=None, packages_select_by_dep=None, packages_skip_by_dep=None, packages_skip_up_to=None, packages_select_build_failed=False, packages_skip_build_finished=False, packages_select_test_failures=False, packages_skip_test_passed=False, packages_select=None, packages_skip=None, packages_select_regex=None, packages_skip_regex=None, packages_start=None, packages_end=None, allow_overriding=[], cmake_args=None, cmake_target=None, cmake_target_skip_unavailable=False, cmake_clean_cache=False, cmake_clean_first=False, cmake_force_configure=False, ament_cmake_args=None, catkin_cmake_args=None, catkin_skip_building_tests=False, mixin_files=None, mixin=None, verb_parser=<colcon_mixin.mixin.mixin_argument.MixinArgumentDecorator object at 0x76b2a6243400>, verb_extension=<colcon_core.verb.build.BuildVerb object at 0x76b2a6242e30>, main=<bound method BuildVerb.main of <colcon_core.verb.build.BuildVerb object at 0x76b2a6242e30>>, mixin_verb=('build',))
[0.067s] Level 1:colcon.colcon_core.package_discovery:discover_packages(colcon_meta) check parameters
[0.067s] Level 1:colcon.colcon_core.package_discovery:discover_packages(recursive) check parameters
[0.067s] Level 1:colcon.colcon_core.package_discovery:discover_packages(ignore) check parameters
[0.067s] Level 1:colcon.colcon_core.package_discovery:discover_packages(path) check parameters
[0.067s] Level 1:colcon.colcon_core.package_discovery:discover_packages(colcon_meta) discover
[0.067s] Level 1:colcon.colcon_core.package_discovery:discover_packages(recursive) discover
[0.067s] INFO:colcon.colcon_core.package_discovery:Crawling recursively for packages in '/home/lee/workspace/matlab/2022b/NYCU_ADCS_ICL-MOICOG-'
[0.067s] Level 1:colcon.colcon_core.package_identification:_identify(.) by extensions ['ignore', 'ignore_ament_install']
[0.067s] Level 1:colcon.colcon_core.package_identification:_identify(.) by extension 'ignore'
[0.067s] Level 1:colcon.colcon_core.package_identification:_identify(.) by extension 'ignore_ament_install'
[0.067s] Level 1:colcon.colcon_core.package_identification:_identify(.) by extensions ['colcon_pkg']
[0.067s] Level 1:colcon.colcon_core.package_identification:_identify(.) by extension 'colcon_pkg'
[0.067s] Level 1:colcon.colcon_core.package_identification:_identify(.) by extensions ['colcon_meta']
[0.067s] Level 1:colcon.colcon_core.package_identification:_identify(.) by extension 'colcon_meta'
[0.067s] Level 1:colcon.colcon_core.package_identification:_identify(.) by extensions ['ros']
[0.067s] Level 1:colcon.colcon_core.package_identification:_identify(.) by extension 'ros'
[0.073s] Level 1:colcon.colcon_core.package_identification:_identify(.) by extensions ['cmake', 'python']
[0.074s] Level 1:colcon.colcon_core.package_identification:_identify(.) by extension 'cmake'
[0.074s] Level 1:colcon.colcon_core.package_identification:_identify(.) by extension 'python'
[0.074s] Level 1:colcon.colcon_core.package_identification:_identify(.) by extensions ['python_setup_py']
[0.074s] Level 1:colcon.colcon_core.package_identification:_identify(.) by extension 'python_setup_py'
[0.074s] Level 1:colcon.colcon_core.package_identification:_identify(build) by extensions ['ignore', 'ignore_ament_install']
[0.074s] Level 1:colcon.colcon_core.package_identification:_identify(build) by extension 'ignore'
[0.074s] Level 1:colcon.colcon_core.package_identification:_identify(build) ignored
[0.074s] Level 1:colcon.colcon_core.package_identification:_identify(geometry-toolbox) by extensions ['ignore', 'ignore_ament_install']
[0.074s] Level 1:colcon.colcon_core.package_identification:_identify(geometry-toolbox) by extension 'ignore'
[0.074s] Level 1:colcon.colcon_core.package_identification:_identify(geometry-toolbox) by extension 'ignore_ament_install'
[0.074s] Level 1:colcon.colcon_core.package_identification:_identify(geometry-toolbox) by extensions ['colcon_pkg']
[0.074s] Level 1:colcon.colcon_core.package_identification:_identify(geometry-toolbox) by extension 'colcon_pkg'
[0.074s] Level 1:colcon.colcon_core.package_identification:_identify(geometry-toolbox) by extensions ['colcon_meta']
[0.074s] Level 1:colcon.colcon_core.package_identification:_identify(geometry-toolbox) by extension 'colcon_meta'
[0.074s] Level 1:colcon.colcon_core.package_identification:_identify(geometry-toolbox) by extensions ['ros']
[0.074s] Level 1:colcon.colcon_core.package_identification:_identify(geometry-toolbox) by extension 'ros'
[0.074s] Level 1:colcon.colcon_core.package_identification:_identify(geometry-toolbox) by extensions ['cmake', 'python']
[0.074s] Level 1:colcon.colcon_core.package_identification:_identify(geometry-toolbox) by extension 'cmake'
[0.074s] Level 1:colcon.colcon_core.package_identification:_identify(geometry-toolbox) by extension 'python'
[0.074s] Level 1:colcon.colcon_core.package_identification:_identify(geometry-toolbox) by extensions ['python_setup_py']
[0.074s] Level 1:colcon.colcon_core.package_identification:_identify(geometry-toolbox) by extension 'python_setup_py'
[0.074s] Level 1:colcon.colcon_core.package_identification:_identify(install) by extensions ['ignore', 'ignore_ament_install']
[0.074s] Level 1:colcon.colcon_core.package_identification:_identify(install) by extension 'ignore'
[0.074s] Level 1:colcon.colcon_core.package_identification:_identify(install) ignored
[0.074s] Level 1:colcon.colcon_core.package_identification:_identify(log) by extensions ['ignore', 'ignore_ament_install']
[0.074s] Level 1:colcon.colcon_core.package_identification:_identify(log) by extension 'ignore'
[0.074s] Level 1:colcon.colcon_core.package_identification:_identify(log) ignored
[0.074s] Level 1:colcon.colcon_core.package_identification:_identify(slprj) by extensions ['ignore', 'ignore_ament_install']
[0.074s] Level 1:colcon.colcon_core.package_identification:_identify(slprj) by extension 'ignore'
[0.074s] Level 1:colcon.colcon_core.package_identification:_identify(slprj) by extension 'ignore_ament_install'
[0.074s] Level 1:colcon.colcon_core.package_identification:_identify(slprj) by extensions ['colcon_pkg']
[0.074s] Level 1:colcon.colcon_core.package_identification:_identify(slprj) by extension 'colcon_pkg'
[0.074s] Level 1:colcon.colcon_core.package_identification:_identify(slprj) by extensions ['colcon_meta']
[0.074s] Level 1:colcon.colcon_core.package_identification:_identify(slprj) by extension 'colcon_meta'
[0.074s] Level 1:colcon.colcon_core.package_identification:_identify(slprj) by extensions ['ros']
[0.074s] Level 1:colcon.colcon_core.package_identification:_identify(slprj) by extension 'ros'
[0.074s] Level 1:colcon.colcon_core.package_identification:_identify(slprj) by extensions ['cmake', 'python']
[0.074s] Level 1:colcon.colcon_core.package_identification:_identify(slprj) by extension 'cmake'
[0.074s] Level 1:colcon.colcon_core.package_identification:_identify(slprj) by extension 'python'
[0.074s] Level 1:colcon.colcon_core.package_identification:_identify(slprj) by extensions ['python_setup_py']
[0.074s] Level 1:colcon.colcon_core.package_identification:_identify(slprj) by extension 'python_setup_py'
[0.074s] Level 1:colcon.colcon_core.package_identification:_identify(slprj/_jitprj) by extensions ['ignore', 'ignore_ament_install']
[0.074s] Level 1:colcon.colcon_core.package_identification:_identify(slprj/_jitprj) by extension 'ignore'
[0.074s] Level 1:colcon.colcon_core.package_identification:_identify(slprj/_jitprj) by extension 'ignore_ament_install'
[0.074s] Level 1:colcon.colcon_core.package_identification:_identify(slprj/_jitprj) by extensions ['colcon_pkg']
[0.074s] Level 1:colcon.colcon_core.package_identification:_identify(slprj/_jitprj) by extension 'colcon_pkg'
[0.074s] Level 1:colcon.colcon_core.package_identification:_identify(slprj/_jitprj) by extensions ['colcon_meta']
[0.074s] Level 1:colcon.colcon_core.package_identification:_identify(slprj/_jitprj) by extension 'colcon_meta'
[0.074s] Level 1:colcon.colcon_core.package_identification:_identify(slprj/_jitprj) by extensions ['ros']
[0.074s] Level 1:colcon.colcon_core.package_identification:_identify(slprj/_jitprj) by extension 'ros'
[0.074s] Level 1:colcon.colcon_core.package_identification:_identify(slprj/_jitprj) by extensions ['cmake', 'python']
[0.074s] Level 1:colcon.colcon_core.package_identification:_identify(slprj/_jitprj) by extension 'cmake'
[0.075s] Level 1:colcon.colcon_core.package_identification:_identify(slprj/_jitprj) by extension 'python'
[0.075s] Level 1:colcon.colcon_core.package_identification:_identify(slprj/_jitprj) by extensions ['python_setup_py']
[0.075s] Level 1:colcon.colcon_core.package_identification:_identify(slprj/_jitprj) by extension 'python_setup_py'
[0.075s] Level 1:colcon.colcon_core.package_identification:_identify(slprj/_sfprj) by extensions ['ignore', 'ignore_ament_install']
[0.075s] Level 1:colcon.colcon_core.package_identification:_identify(slprj/_sfprj) by extension 'ignore'
[0.075s] Level 1:colcon.colcon_core.package_identification:_identify(slprj/_sfprj) by extension 'ignore_ament_install'
[0.075s] Level 1:colcon.colcon_core.package_identification:_identify(slprj/_sfprj) by extensions ['colcon_pkg']
[0.075s] Level 1:colcon.colcon_core.package_identification:_identify(slprj/_sfprj) by extension 'colcon_pkg'
[0.075s] Level 1:colcon.colcon_core.package_identification:_identify(slprj/_sfprj) by extensions ['colcon_meta']
[0.075s] Level 1:colcon.colcon_core.package_identification:_identify(slprj/_sfprj) by extension 'colcon_meta'
[0.075s] Level 1:colcon.colcon_core.package_identification:_identify(slprj/_sfprj) by extensions ['ros']
[0.075s] Level 1:colcon.colcon_core.package_identification:_identify(slprj/_sfprj) by extension 'ros'
[0.075s] Level 1:colcon.colcon_core.package_identification:_identify(slprj/_sfprj) by extensions ['cmake', 'python']
[0.075s] Level 1:colcon.colcon_core.package_identification:_identify(slprj/_sfprj) by extension 'cmake'
[0.075s] Level 1:colcon.colcon_core.package_identification:_identify(slprj/_sfprj) by extension 'python'
[0.075s] Level 1:colcon.colcon_core.package_identification:_identify(slprj/_sfprj) by extensions ['python_setup_py']
[0.075s] Level 1:colcon.colcon_core.package_identification:_identify(slprj/_sfprj) by extension 'python_setup_py'
[0.075s] Level 1:colcon.colcon_core.package_identification:_identify(slprj/_sfprj/EMLReport) by extensions ['ignore', 'ignore_ament_install']
[0.075s] Level 1:colcon.colcon_core.package_identification:_identify(slprj/_sfprj/EMLReport) by extension 'ignore'
[0.075s] Level 1:colcon.colcon_core.package_identification:_identify(slprj/_sfprj/EMLReport) by extension 'ignore_ament_install'
[0.075s] Level 1:colcon.colcon_core.package_identification:_identify(slprj/_sfprj/EMLReport) by extensions ['colcon_pkg']
[0.075s] Level 1:colcon.colcon_core.package_identification:_identify(slprj/_sfprj/EMLReport) by extension 'colcon_pkg'
[0.075s] Level 1:colcon.colcon_core.package_identification:_identify(slprj/_sfprj/EMLReport) by extensions ['colcon_meta']
[0.075s] Level 1:colcon.colcon_core.package_identification:_identify(slprj/_sfprj/EMLReport) by extension 'colcon_meta'
[0.075s] Level 1:colcon.colcon_core.package_identification:_identify(slprj/_sfprj/EMLReport) by extensions ['ros']
[0.075s] Level 1:colcon.colcon_core.package_identification:_identify(slprj/_sfprj/EMLReport) by extension 'ros'
[0.075s] Level 1:colcon.colcon_core.package_identification:_identify(slprj/_sfprj/EMLReport) by extensions ['cmake', 'python']
[0.075s] Level 1:colcon.colcon_core.package_identification:_identify(slprj/_sfprj/EMLReport) by extension 'cmake'
[0.075s] Level 1:colcon.colcon_core.package_identification:_identify(slprj/_sfprj/EMLReport) by extension 'python'
[0.075s] Level 1:colcon.colcon_core.package_identification:_identify(slprj/_sfprj/EMLReport) by extensions ['python_setup_py']
[0.075s] Level 1:colcon.colcon_core.package_identification:_identify(slprj/_sfprj/EMLReport) by extension 'python_setup_py'
[0.075s] Level 1:colcon.colcon_core.package_identification:_identify(slprj/_sfprj/HW_7_2_system) by extensions ['ignore', 'ignore_ament_install']
[0.075s] Level 1:colcon.colcon_core.package_identification:_identify(slprj/_sfprj/HW_7_2_system) by extension 'ignore'
[0.075s] Level 1:colcon.colcon_core.package_identification:_identify(slprj/_sfprj/HW_7_2_system) by extension 'ignore_ament_install'
[0.075s] Level 1:colcon.colcon_core.package_identification:_identify(slprj/_sfprj/HW_7_2_system) by extensions ['colcon_pkg']
[0.075s] Level 1:colcon.colcon_core.package_identification:_identify(slprj/_sfprj/HW_7_2_system) by extension 'colcon_pkg'
[0.075s] Level 1:colcon.colcon_core.package_identification:_identify(slprj/_sfprj/HW_7_2_system) by extensions ['colcon_meta']
[0.075s] Level 1:colcon.colcon_core.package_identification:_identify(slprj/_sfprj/HW_7_2_system) by extension 'colcon_meta'
[0.075s] Level 1:colcon.colcon_core.package_identification:_identify(slprj/_sfprj/HW_7_2_system) by extensions ['ros']
[0.075s] Level 1:colcon.colcon_core.package_identification:_identify(slprj/_sfprj/HW_7_2_system) by extension 'ros'
[0.075s] Level 1:colcon.colcon_core.package_identification:_identify(slprj/_sfprj/HW_7_2_system) by extensions ['cmake', 'python']
[0.075s] Level 1:colcon.colcon_core.package_identification:_identify(slprj/_sfprj/HW_7_2_system) by extension 'cmake'
[0.075s] Level 1:colcon.colcon_core.package_identification:_identify(slprj/_sfprj/HW_7_2_system) by extension 'python'
[0.075s] Level 1:colcon.colcon_core.package_identification:_identify(slprj/_sfprj/HW_7_2_system) by extensions ['python_setup_py']
[0.075s] Level 1:colcon.colcon_core.package_identification:_identify(slprj/_sfprj/HW_7_2_system) by extension 'python_setup_py'
[0.075s] Level 1:colcon.colcon_core.package_identification:_identify(slprj/_sfprj/HW_7_2_system/_self) by extensions ['ignore', 'ignore_ament_install']
[0.075s] Level 1:colcon.colcon_core.package_identification:_identify(slprj/_sfprj/HW_7_2_system/_self) by extension 'ignore'
[0.075s] Level 1:colcon.colcon_core.package_identification:_identify(slprj/_sfprj/HW_7_2_system/_self) by extension 'ignore_ament_install'
[0.075s] Level 1:colcon.colcon_core.package_identification:_identify(slprj/_sfprj/HW_7_2_system/_self) by extensions ['colcon_pkg']
[0.075s] Level 1:colcon.colcon_core.package_identification:_identify(slprj/_sfprj/HW_7_2_system/_self) by extension 'colcon_pkg'
[0.075s] Level 1:colcon.colcon_core.package_identification:_identify(slprj/_sfprj/HW_7_2_system/_self) by extensions ['colcon_meta']
[0.075s] Level 1:colcon.colcon_core.package_identification:_identify(slprj/_sfprj/HW_7_2_system/_self) by extension 'colcon_meta'
[0.075s] Level 1:colcon.colcon_core.package_identification:_identify(slprj/_sfprj/HW_7_2_system/_self) by extensions ['ros']
[0.075s] Level 1:colcon.colcon_core.package_identification:_identify(slprj/_sfprj/HW_7_2_system/_self) by extension 'ros'
[0.075s] Level 1:colcon.colcon_core.package_identification:_identify(slprj/_sfprj/HW_7_2_system/_self) by extensions ['cmake', 'python']
[0.075s] Level 1:colcon.colcon_core.package_identification:_identify(slprj/_sfprj/HW_7_2_system/_self) by extension 'cmake'
[0.075s] Level 1:colcon.colcon_core.package_identification:_identify(slprj/_sfprj/HW_7_2_system/_self) by extension 'python'
[0.075s] Level 1:colcon.colcon_core.package_identification:_identify(slprj/_sfprj/HW_7_2_system/_self) by extensions ['python_setup_py']
[0.075s] Level 1:colcon.colcon_core.package_identification:_identify(slprj/_sfprj/HW_7_2_system/_self) by extension 'python_setup_py'
[0.076s] Level 1:colcon.colcon_core.package_identification:_identify(slprj/_sfprj/HW_7_2_system/_self/sfun) by extensions ['ignore', 'ignore_ament_install']
[0.076s] Level 1:colcon.colcon_core.package_identification:_identify(slprj/_sfprj/HW_7_2_system/_self/sfun) by extension 'ignore'
[0.076s] Level 1:colcon.colcon_core.package_identification:_identify(slprj/_sfprj/HW_7_2_system/_self/sfun) by extension 'ignore_ament_install'
[0.076s] Level 1:colcon.colcon_core.package_identification:_identify(slprj/_sfprj/HW_7_2_system/_self/sfun) by extensions ['colcon_pkg']
[0.076s] Level 1:colcon.colcon_core.package_identification:_identify(slprj/_sfprj/HW_7_2_system/_self/sfun) by extension 'colcon_pkg'
[0.076s] Level 1:colcon.colcon_core.package_identification:_identify(slprj/_sfprj/HW_7_2_system/_self/sfun) by extensions ['colcon_meta']
[0.076s] Level 1:colcon.colcon_core.package_identification:_identify(slprj/_sfprj/HW_7_2_system/_self/sfun) by extension 'colcon_meta'
[0.076s] Level 1:colcon.colcon_core.package_identification:_identify(slprj/_sfprj/HW_7_2_system/_self/sfun) by extensions ['ros']
[0.076s] Level 1:colcon.colcon_core.package_identification:_identify(slprj/_sfprj/HW_7_2_system/_self/sfun) by extension 'ros'
[0.076s] Level 1:colcon.colcon_core.package_identification:_identify(slprj/_sfprj/HW_7_2_system/_self/sfun) by extensions ['cmake', 'python']
[0.076s] Level 1:colcon.colcon_core.package_identification:_identify(slprj/_sfprj/HW_7_2_system/_self/sfun) by extension 'cmake'
[0.076s] Level 1:colcon.colcon_core.package_identification:_identify(slprj/_sfprj/HW_7_2_system/_self/sfun) by extension 'python'
[0.076s] Level 1:colcon.colcon_core.package_identification:_identify(slprj/_sfprj/HW_7_2_system/_self/sfun) by extensions ['python_setup_py']
[0.076s] Level 1:colcon.colcon_core.package_identification:_identify(slprj/_sfprj/HW_7_2_system/_self/sfun) by extension 'python_setup_py'
[0.076s] Level 1:colcon.colcon_core.package_identification:_identify(slprj/_sfprj/HW_7_2_system/_self/sfun/info) by extensions ['ignore', 'ignore_ament_install']
[0.076s] Level 1:colcon.colcon_core.package_identification:_identify(slprj/_sfprj/HW_7_2_system/_self/sfun/info) by extension 'ignore'
[0.076s] Level 1:colcon.colcon_core.package_identification:_identify(slprj/_sfprj/HW_7_2_system/_self/sfun/info) by extension 'ignore_ament_install'
[0.076s] Level 1:colcon.colcon_core.package_identification:_identify(slprj/_sfprj/HW_7_2_system/_self/sfun/info) by extensions ['colcon_pkg']
[0.076s] Level 1:colcon.colcon_core.package_identification:_identify(slprj/_sfprj/HW_7_2_system/_self/sfun/info) by extension 'colcon_pkg'
[0.076s] Level 1:colcon.colcon_core.package_identification:_identify(slprj/_sfprj/HW_7_2_system/_self/sfun/info) by extensions ['colcon_meta']
[0.076s] Level 1:colcon.colcon_core.package_identification:_identify(slprj/_sfprj/HW_7_2_system/_self/sfun/info) by extension 'colcon_meta'
[0.076s] Level 1:colcon.colcon_core.package_identification:_identify(slprj/_sfprj/HW_7_2_system/_self/sfun/info) by extensions ['ros']
[0.076s] Level 1:colcon.colcon_core.package_identification:_identify(slprj/_sfprj/HW_7_2_system/_self/sfun/info) by extension 'ros'
[0.076s] Level 1:colcon.colcon_core.package_identification:_identify(slprj/_sfprj/HW_7_2_system/_self/sfun/info) by extensions ['cmake', 'python']
[0.076s] Level 1:colcon.colcon_core.package_identification:_identify(slprj/_sfprj/HW_7_2_system/_self/sfun/info) by extension 'cmake'
[0.076s] Level 1:colcon.colcon_core.package_identification:_identify(slprj/_sfprj/HW_7_2_system/_self/sfun/info) by extension 'python'
[0.076s] Level 1:colcon.colcon_core.package_identification:_identify(slprj/_sfprj/HW_7_2_system/_self/sfun/info) by extensions ['python_setup_py']
[0.076s] Level 1:colcon.colcon_core.package_identification:_identify(slprj/_sfprj/HW_7_2_system/_self/sfun/info) by extension 'python_setup_py'
[0.076s] Level 1:colcon.colcon_core.package_identification:_identify(slprj/_sfprj/linerlization_controller) by extensions ['ignore', 'ignore_ament_install']
[0.076s] Level 1:colcon.colcon_core.package_identification:_identify(slprj/_sfprj/linerlization_controller) by extension 'ignore'
[0.076s] Level 1:colcon.colcon_core.package_identification:_identify(slprj/_sfprj/linerlization_controller) by extension 'ignore_ament_install'
[0.076s] Level 1:colcon.colcon_core.package_identification:_identify(slprj/_sfprj/linerlization_controller) by extensions ['colcon_pkg']
[0.076s] Level 1:colcon.colcon_core.package_identification:_identify(slprj/_sfprj/linerlization_controller) by extension 'colcon_pkg'
[0.076s] Level 1:colcon.colcon_core.package_identification:_identify(slprj/_sfprj/linerlization_controller) by extensions ['colcon_meta']
[0.076s] Level 1:colcon.colcon_core.package_identification:_identify(slprj/_sfprj/linerlization_controller) by extension 'colcon_meta'
[0.076s] Level 1:colcon.colcon_core.package_identification:_identify(slprj/_sfprj/linerlization_controller) by extensions ['ros']
[0.076s] Level 1:colcon.colcon_core.package_identification:_identify(slprj/_sfprj/linerlization_controller) by extension 'ros'
[0.076s] Level 1:colcon.colcon_core.package_identification:_identify(slprj/_sfprj/linerlization_controller) by extensions ['cmake', 'python']
[0.076s] Level 1:colcon.colcon_core.package_identification:_identify(slprj/_sfprj/linerlization_controller) by extension 'cmake'
[0.076s] Level 1:colcon.colcon_core.package_identification:_identify(slprj/_sfprj/linerlization_controller) by extension 'python'
[0.076s] Level 1:colcon.colcon_core.package_identification:_identify(slprj/_sfprj/linerlization_controller) by extensions ['python_setup_py']
[0.076s] Level 1:colcon.colcon_core.package_identification:_identify(slprj/_sfprj/linerlization_controller) by extension 'python_setup_py'
[0.076s] Level 1:colcon.colcon_core.package_identification:_identify(slprj/_sfprj/linerlization_controller/_self) by extensions ['ignore', 'ignore_ament_install']
[0.076s] Level 1:colcon.colcon_core.package_identification:_identify(slprj/_sfprj/linerlization_controller/_self) by extension 'ignore'
[0.076s] Level 1:colcon.colcon_core.package_identification:_identify(slprj/_sfprj/linerlization_controller/_self) by extension 'ignore_ament_install'
[0.076s] Level 1:colcon.colcon_core.package_identification:_identify(slprj/_sfprj/linerlization_controller/_self) by extensions ['colcon_pkg']
[0.076s] Level 1:colcon.colcon_core.package_identification:_identify(slprj/_sfprj/linerlization_controller/_self) by extension 'colcon_pkg'
[0.076s] Level 1:colcon.colcon_core.package_identification:_identify(slprj/_sfprj/linerlization_controller/_self) by extensions ['colcon_meta']
[0.076s] Level 1:colcon.colcon_core.package_identification:_identify(slprj/_sfprj/linerlization_controller/_self) by extension 'colcon_meta'
[0.076s] Level 1:colcon.colcon_core.package_identification:_identify(slprj/_sfprj/linerlization_controller/_self) by extensions ['ros']
[0.076s] Level 1:colcon.colcon_core.package_identification:_identify(slprj/_sfprj/linerlization_controller/_self) by extension 'ros'
[0.076s] Level 1:colcon.colcon_core.package_identification:_identify(slprj/_sfprj/linerlization_controller/_self) by extensions ['cmake', 'python']
[0.077s] Level 1:colcon.colcon_core.package_identification:_identify(slprj/_sfprj/linerlization_controller/_self) by extension 'cmake'
[0.077s] Level 1:colcon.colcon_core.package_identification:_identify(slprj/_sfprj/linerlization_controller/_self) by extension 'python'
[0.077s] Level 1:colcon.colcon_core.package_identification:_identify(slprj/_sfprj/linerlization_controller/_self) by extensions ['python_setup_py']
[0.077s] Level 1:colcon.colcon_core.package_identification:_identify(slprj/_sfprj/linerlization_controller/_self) by extension 'python_setup_py'
[0.077s] Level 1:colcon.colcon_core.package_identification:_identify(slprj/_sfprj/linerlization_controller/_self/sfun) by extensions ['ignore', 'ignore_ament_install']
[0.077s] Level 1:colcon.colcon_core.package_identification:_identify(slprj/_sfprj/linerlization_controller/_self/sfun) by extension 'ignore'
[0.077s] Level 1:colcon.colcon_core.package_identification:_identify(slprj/_sfprj/linerlization_controller/_self/sfun) by extension 'ignore_ament_install'
[0.077s] Level 1:colcon.colcon_core.package_identification:_identify(slprj/_sfprj/linerlization_controller/_self/sfun) by extensions ['colcon_pkg']
[0.077s] Level 1:colcon.colcon_core.package_identification:_identify(slprj/_sfprj/linerlization_controller/_self/sfun) by extension 'colcon_pkg'
[0.077s] Level 1:colcon.colcon_core.package_identification:_identify(slprj/_sfprj/linerlization_controller/_self/sfun) by extensions ['colcon_meta']
[0.077s] Level 1:colcon.colcon_core.package_identification:_identify(slprj/_sfprj/linerlization_controller/_self/sfun) by extension 'colcon_meta'
[0.077s] Level 1:colcon.colcon_core.package_identification:_identify(slprj/_sfprj/linerlization_controller/_self/sfun) by extensions ['ros']
[0.077s] Level 1:colcon.colcon_core.package_identification:_identify(slprj/_sfprj/linerlization_controller/_self/sfun) by extension 'ros'
[0.077s] Level 1:colcon.colcon_core.package_identification:_identify(slprj/_sfprj/linerlization_controller/_self/sfun) by extensions ['cmake', 'python']
[0.077s] Level 1:colcon.colcon_core.package_identification:_identify(slprj/_sfprj/linerlization_controller/_self/sfun) by extension 'cmake'
[0.077s] Level 1:colcon.colcon_core.package_identification:_identify(slprj/_sfprj/linerlization_controller/_self/sfun) by extension 'python'
[0.077s] Level 1:colcon.colcon_core.package_identification:_identify(slprj/_sfprj/linerlization_controller/_self/sfun) by extensions ['python_setup_py']
[0.077s] Level 1:colcon.colcon_core.package_identification:_identify(slprj/_sfprj/linerlization_controller/_self/sfun) by extension 'python_setup_py'
[0.077s] Level 1:colcon.colcon_core.package_identification:_identify(slprj/_sfprj/linerlization_controller/_self/sfun/info) by extensions ['ignore', 'ignore_ament_install']
[0.077s] Level 1:colcon.colcon_core.package_identification:_identify(slprj/_sfprj/linerlization_controller/_self/sfun/info) by extension 'ignore'
[0.077s] Level 1:colcon.colcon_core.package_identification:_identify(slprj/_sfprj/linerlization_controller/_self/sfun/info) by extension 'ignore_ament_install'
[0.077s] Level 1:colcon.colcon_core.package_identification:_identify(slprj/_sfprj/linerlization_controller/_self/sfun/info) by extensions ['colcon_pkg']
[0.077s] Level 1:colcon.colcon_core.package_identification:_identify(slprj/_sfprj/linerlization_controller/_self/sfun/info) by extension 'colcon_pkg'
[0.077s] Level 1:colcon.colcon_core.package_identification:_identify(slprj/_sfprj/linerlization_controller/_self/sfun/info) by extensions ['colcon_meta']
[0.077s] Level 1:colcon.colcon_core.package_identification:_identify(slprj/_sfprj/linerlization_controller/_self/sfun/info) by extension 'colcon_meta'
[0.077s] Level 1:colcon.colcon_core.package_identification:_identify(slprj/_sfprj/linerlization_controller/_self/sfun/info) by extensions ['ros']
[0.077s] Level 1:colcon.colcon_core.package_identification:_identify(slprj/_sfprj/linerlization_controller/_self/sfun/info) by extension 'ros'
[0.077s] Level 1:colcon.colcon_core.package_identification:_identify(slprj/_sfprj/linerlization_controller/_self/sfun/info) by extensions ['cmake', 'python']
[0.077s] Level 1:colcon.colcon_core.package_identification:_identify(slprj/_sfprj/linerlization_controller/_self/sfun/info) by extension 'cmake'
[0.077s] Level 1:colcon.colcon_core.package_identification:_identify(slprj/_sfprj/linerlization_controller/_self/sfun/info) by extension 'python'
[0.077s] Level 1:colcon.colcon_core.package_identification:_identify(slprj/_sfprj/linerlization_controller/_self/sfun/info) by extensions ['python_setup_py']
[0.077s] Level 1:colcon.colcon_core.package_identification:_identify(slprj/_sfprj/linerlization_controller/_self/sfun/info) by extension 'python_setup_py'
[0.077s] Level 1:colcon.colcon_core.package_identification:_identify(slprj/_sfprj/precompile) by extensions ['ignore', 'ignore_ament_install']
[0.077s] Level 1:colcon.colcon_core.package_identification:_identify(slprj/_sfprj/precompile) by extension 'ignore'
[0.077s] Level 1:colcon.colcon_core.package_identification:_identify(slprj/_sfprj/precompile) by extension 'ignore_ament_install'
[0.077s] Level 1:colcon.colcon_core.package_identification:_identify(slprj/_sfprj/precompile) by extensions ['colcon_pkg']
[0.077s] Level 1:colcon.colcon_core.package_identification:_identify(slprj/_sfprj/precompile) by extension 'colcon_pkg'
[0.077s] Level 1:colcon.colcon_core.package_identification:_identify(slprj/_sfprj/precompile) by extensions ['colcon_meta']
[0.077s] Level 1:colcon.colcon_core.package_identification:_identify(slprj/_sfprj/precompile) by extension 'colcon_meta'
[0.077s] Level 1:colcon.colcon_core.package_identification:_identify(slprj/_sfprj/precompile) by extensions ['ros']
[0.077s] Level 1:colcon.colcon_core.package_identification:_identify(slprj/_sfprj/precompile) by extension 'ros'
[0.077s] Level 1:colcon.colcon_core.package_identification:_identify(slprj/_sfprj/precompile) by extensions ['cmake', 'python']
[0.077s] Level 1:colcon.colcon_core.package_identification:_identify(slprj/_sfprj/precompile) by extension 'cmake'
[0.077s] Level 1:colcon.colcon_core.package_identification:_identify(slprj/_sfprj/precompile) by extension 'python'
[0.077s] Level 1:colcon.colcon_core.package_identification:_identify(slprj/_sfprj/precompile) by extensions ['python_setup_py']
[0.077s] Level 1:colcon.colcon_core.package_identification:_identify(slprj/_sfprj/precompile) by extension 'python_setup_py'
[0.077s] Level 1:colcon.colcon_core.package_discovery:discover_packages(recursive) using defaults
[0.077s] Level 1:colcon.colcon_core.package_discovery:discover_packages(ignore) discover
[0.077s] Level 1:colcon.colcon_core.package_discovery:discover_packages(ignore) using defaults
[0.077s] Level 1:colcon.colcon_core.package_discovery:discover_packages(path) discover
[0.077s] Level 1:colcon.colcon_core.package_discovery:discover_packages(path) using defaults
[0.086s] Level 1:colcon.colcon_core.package_discovery:discover_packages(prefix_path) check parameters
[0.086s] Level 1:colcon.colcon_core.package_discovery:discover_packages(prefix_path) discover
[0.087s] DEBUG:colcon.colcon_installed_package_information.package_discovery:Found 301 installed packages in /opt/ros/humble
[0.087s] Level 1:colcon.colcon_core.package_discovery:discover_packages(prefix_path) using defaults
[0.103s] INFO:colcon.colcon_core.executor:Executing jobs using 'parallel' executor
[0.104s] DEBUG:colcon.colcon_parallel_executor.executor.parallel:run_until_complete
[0.104s] DEBUG:colcon.colcon_parallel_executor.executor.parallel:closing loop
[0.104s] DEBUG:colcon.colcon_parallel_executor.executor.parallel:loop closed
[0.104s] DEBUG:colcon.colcon_parallel_executor.executor.parallel:run_until_complete finished with '0'
[0.104s] DEBUG:colcon.colcon_core.event_reactor:joining thread
[0.106s] INFO:colcon.colcon_core.plugin_system:Skipping extension 'colcon_notification.desktop_notification.terminal_notifier': Not used on non-Darwin systems
[0.106s] INFO:colcon.colcon_core.plugin_system:Skipping extension 'colcon_notification.desktop_notification.win32': Not used on non-Windows systems
[0.106s] INFO:colcon.colcon_notification.desktop_notification:Sending desktop notification using 'notify2'
[0.111s] DEBUG:colcon.colcon_core.event_reactor:joined thread
[0.112s] INFO:colcon.colcon_core.plugin_system:Skipping extension 'colcon_core.shell.bat': Not used on non-Windows systems
[0.112s] INFO:colcon.colcon_core.shell:Creating prefix script '/home/lee/workspace/matlab/2022b/NYCU_ADCS_ICL-MOICOG-/install/local_setup.ps1'
[0.113s] INFO:colcon.colcon_core.shell:Creating prefix util module '/home/lee/workspace/matlab/2022b/NYCU_ADCS_ICL-MOICOG-/install/_local_setup_util_ps1.py'
[0.113s] INFO:colcon.colcon_core.shell:Creating prefix chain script '/home/lee/workspace/matlab/2022b/NYCU_ADCS_ICL-MOICOG-/install/setup.ps1'
[0.113s] INFO:colcon.colcon_core.shell:Creating prefix script '/home/lee/workspace/matlab/2022b/NYCU_ADCS_ICL-MOICOG-/install/local_setup.sh'
[0.114s] INFO:colcon.colcon_core.shell:Creating prefix util module '/home/lee/workspace/matlab/2022b/NYCU_ADCS_ICL-MOICOG-/install/_local_setup_util_sh.py'
[0.114s] INFO:colcon.colcon_core.shell:Creating prefix chain script '/home/lee/workspace/matlab/2022b/NYCU_ADCS_ICL-MOICOG-/install/setup.sh'
[0.114s] INFO:colcon.colcon_core.shell:Creating prefix script '/home/lee/workspace/matlab/2022b/NYCU_ADCS_ICL-MOICOG-/install/local_setup.bash'
[0.114s] INFO:colcon.colcon_core.shell:Creating prefix chain script '/home/lee/workspace/matlab/2022b/NYCU_ADCS_ICL-MOICOG-/install/setup.bash'
[0.115s] INFO:colcon.colcon_core.shell:Creating prefix script '/home/lee/workspace/matlab/2022b/NYCU_ADCS_ICL-MOICOG-/install/local_setup.zsh'
[0.115s] INFO:colcon.colcon_core.shell:Creating prefix chain script '/home/lee/workspace/matlab/2022b/NYCU_ADCS_ICL-MOICOG-/install/setup.zsh'
